Device: cuda

============================================================
Benchmarking: unet_small
============================================================
  -> saved predictions: /cluster/home/mriestere/space_data_3/results/benchmark_reval/unet_small/benchmark_predictions.npy

============================================================
Benchmarking: unet_baseline
============================================================
  -> saved predictions: /cluster/home/mriestere/space_data_3/results/benchmark_reval/unet_baseline/benchmark_predictions.npy

============================================================
Benchmarking: unet_large
============================================================
  -> saved predictions: /cluster/home/mriestere/space_data_3/results/benchmark_reval/unet_large/benchmark_predictions.npy

============================================================
Benchmarking: unet_deep
============================================================
  -> saved predictions: /cluster/home/mriestere/space_data_3/results/benchmark_reval/unet_deep/benchmark_predictions.npy

============================================================
Benchmarking: res_unet
============================================================
  -> saved predictions: /cluster/home/mriestere/space_data_3/results/benchmark_reval/res_unet/benchmark_predictions.npy

============================================================
Benchmarking: autoencoder
============================================================
  -> saved predictions: /cluster/home/mriestere/space_data_3/results/benchmark_reval/autoencoder/benchmark_predictions.npy

============================================================
Benchmarking: unet_l1
============================================================
  -> saved predictions: /cluster/home/mriestere/space_data_3/results/benchmark_reval/unet_l1/benchmark_predictions.npy

============================================================
Benchmarking: unet_combined
============================================================
  -> saved predictions: /cluster/home/mriestere/space_data_3/results/benchmark_reval/unet_combined/benchmark_predictions.npy

============================================================
Benchmarking: unet_adamw
============================================================
  -> saved predictions: /cluster/home/mriestere/space_data_3/results/benchmark_reval/unet_adamw/benchmark_predictions.npy

============================================================
Benchmarking: unet_large_batch
============================================================
  -> saved predictions: /cluster/home/mriestere/space_data_3/results/benchmark_reval/unet_large_batch/benchmark_predictions.npy

============================================================
Benchmarking: resnet_8blocks
============================================================
  -> saved predictions: /cluster/home/mriestere/space_data_3/results/benchmark_reval/resnet_8blocks/benchmark_predictions.npy

============================================================
Benchmarking: resnet_16blocks
============================================================
  -> saved predictions: /cluster/home/mriestere/space_data_3/results/benchmark_reval/resnet_16blocks/benchmark_predictions.npy

============================================================
Benchmarking: unet_nvidia_loss
============================================================
  -> saved predictions: /cluster/home/mriestere/space_data_3/results/benchmark_reval/unet_nvidia_loss/benchmark_predictions.npy

Saved summary: /cluster/home/mriestere/space_data_3/results/benchmark_reval/benchmark_summary.csv
